<?xml version="1.0" encoding="UTF-8"?>
<coverage generated="1627957378932" clover="3.2.0">
  <project timestamp="1627957378932" name="All files">
    <metrics statements="57" coveredstatements="49" conditionals="21" coveredconditionals="16" methods="18" coveredmethods="16" elements="96" coveredelements="81" complexity="0" loc="57" ncloc="57" packages="1" files="1" classes="1"/>
    <file name="graph.js" path="/Users/JKalis/Pro/svg-git-graph/api/resources/graphs/graph.js">
      <metrics statements="57" coveredstatements="49" conditionals="21" coveredconditionals="16" methods="18" coveredmethods="16"/>
      <line num="3" count="1" type="stmt"/>
      <line num="4" count="8" type="stmt"/>
      <line num="7" count="37" type="stmt"/>
      <line num="8" count="1" type="stmt"/>
      <line num="12" count="1" type="stmt"/>
      <line num="26" count="1" type="stmt"/>
      <line num="27" count="1" type="stmt"/>
      <line num="28" count="1" type="stmt"/>
      <line num="29" count="1" type="stmt"/>
      <line num="30" count="1" type="stmt"/>
      <line num="31" count="1" type="stmt"/>
      <line num="33" count="1" type="stmt"/>
      <line num="36" count="11" type="stmt"/>
      <line num="37" count="11" type="stmt"/>
      <line num="42" count="4" type="stmt"/>
      <line num="46" count="11" type="stmt"/>
      <line num="47" count="11" type="stmt"/>
      <line num="49" count="11" type="cond" truecount="3" falsecount="2"/>
      <line num="51" count="3" type="cond" truecount="2" falsecount="0"/>
      <line num="56" count="3" type="stmt"/>
      <line num="58" count="3" type="stmt"/>
      <line num="59" count="3" type="stmt"/>
      <line num="61" count="4" type="stmt"/>
      <line num="68" count="4" type="stmt"/>
      <line num="69" count="4" type="stmt"/>
      <line num="70" count="4" type="stmt"/>
      <line num="72" count="0" type="stmt"/>
      <line num="77" count="0" type="stmt"/>
      <line num="78" count="0" type="stmt"/>
      <line num="79" count="0" type="stmt"/>
      <line num="81" count="4" type="cond" truecount="1" falsecount="1"/>
      <line num="82" count="0" type="stmt"/>
      <line num="83" count="0" type="stmt"/>
      <line num="86" count="4" type="stmt"/>
      <line num="87" count="4" type="cond" truecount="2" falsecount="0"/>
      <line num="91" count="4" type="stmt"/>
      <line num="92" count="4" type="stmt"/>
      <line num="94" count="0" type="stmt"/>
      <line num="95" count="0" type="stmt"/>
      <line num="106" count="3" type="stmt"/>
      <line num="110" count="1" type="stmt"/>
      <line num="111" count="4" type="stmt"/>
      <line num="112" count="8" type="stmt"/>
      <line num="113" count="1" type="stmt"/>
      <line num="115" count="1" type="stmt"/>
      <line num="117" count="1" type="stmt"/>
      <line num="119" count="4" type="stmt"/>
      <line num="121" count="4" type="stmt"/>
      <line num="126" count="4" type="stmt"/>
      <line num="127" count="3" type="stmt"/>
      <line num="136" count="4" type="stmt"/>
      <line num="138" count="4" type="stmt"/>
      <line num="140" count="7" type="cond" truecount="2" falsecount="0"/>
      <line num="145" count="1" type="stmt"/>
      <line num="151" count="1" type="stmt"/>
      <line num="164" count="1" type="stmt"/>
      <line num="165" count="1" type="stmt"/>
    </file>
  </project>
</coverage>
