{"/Users/JKalis/Pro/svg-git-graph/api/resources/graphs/graph.js": {"path":"/Users/JKalis/Pro/svg-git-graph/api/resources/graphs/graph.js","statementMap":{"0":{"start":{"line":3,"column":13},"end":{"line":3,"column":15}},"1":{"start":{"line":4,"column":14},"end":{"line":7,"column":58}},"2":{"start":{"line":4,"column":23},"end":{"line":7,"column":58}},"3":{"start":{"line":7,"column":24},"end":{"line":7,"column":53}},"4":{"start":{"line":8,"column":12},"end":{"line":8,"column":28}},"5":{"start":{"line":8,"column":23},"end":{"line":8,"column":28}},"6":{"start":{"line":12,"column":4},"end":{"line":24,"column":5}},"7":{"start":{"line":26,"column":4},"end":{"line":26,"column":22}},"8":{"start":{"line":27,"column":4},"end":{"line":27,"column":20}},"9":{"start":{"line":28,"column":4},"end":{"line":28,"column":17}},"10":{"start":{"line":29,"column":4},"end":{"line":29,"column":21}},"11":{"start":{"line":30,"column":4},"end":{"line":30,"column":23}},"12":{"start":{"line":31,"column":4},"end":{"line":31,"column":18}},"13":{"start":{"line":33,"column":4},"end":{"line":37,"column":50}},"14":{"start":{"line":36,"column":21},"end":{"line":36,"column":36}},"15":{"start":{"line":37,"column":28},"end":{"line":37,"column":49}},"16":{"start":{"line":42,"column":4},"end":{"line":42,"column":78}},"17":{"start":{"line":46,"column":15},"end":{"line":46,"column":67}},"18":{"start":{"line":47,"column":22},"end":{"line":47,"column":26}},"19":{"start":{"line":49,"column":4},"end":{"line":96,"column":5}},"20":{"start":{"line":51,"column":8},"end":{"line":54,"column":9}},"21":{"start":{"line":56,"column":8},"end":{"line":56,"column":27}},"22":{"start":{"line":58,"column":8},"end":{"line":58,"column":28}},"23":{"start":{"line":59,"column":8},"end":{"line":59,"column":13}},"24":{"start":{"line":61,"column":8},"end":{"line":67,"column":9}},"25":{"start":{"line":68,"column":8},"end":{"line":68,"column":42}},"26":{"start":{"line":69,"column":8},"end":{"line":69,"column":25}},"27":{"start":{"line":70,"column":8},"end":{"line":70,"column":13}},"28":{"start":{"line":72,"column":8},"end":{"line":76,"column":9}},"29":{"start":{"line":77,"column":8},"end":{"line":77,"column":42}},"30":{"start":{"line":78,"column":8},"end":{"line":78,"column":25}},"31":{"start":{"line":79,"column":8},"end":{"line":79,"column":13}},"32":{"start":{"line":81,"column":8},"end":{"line":84,"column":9}},"33":{"start":{"line":82,"column":10},"end":{"line":83,"column":46}},"34":{"start":{"line":83,"column":29},"end":{"line":83,"column":45}},"35":{"start":{"line":86,"column":8},"end":{"line":89,"column":55}},"36":{"start":{"line":87,"column":10},"end":{"line":88,"column":29}},"37":{"start":{"line":91,"column":8},"end":{"line":91,"column":59}},"38":{"start":{"line":92,"column":8},"end":{"line":92,"column":13}},"39":{"start":{"line":94,"column":8},"end":{"line":94,"column":64}},"40":{"start":{"line":95,"column":8},"end":{"line":95,"column":13}},"41":{"start":{"line":106,"column":4},"end":{"line":106,"column":89}},"42":{"start":{"line":110,"column":24},"end":{"line":111,"column":47}},"43":{"start":{"line":111,"column":20},"end":{"line":111,"column":44}},"44":{"start":{"line":112,"column":24},"end":{"line":112,"column":63}},"45":{"start":{"line":112,"column":34},"end":{"line":112,"column":63}},"46":{"start":{"line":113,"column":24},"end":{"line":113,"column":69}},"47":{"start":{"line":115,"column":23},"end":{"line":115,"column":26}},"48":{"start":{"line":117,"column":21},"end":{"line":143,"column":17}},"49":{"start":{"line":119,"column":23},"end":{"line":119,"column":40}},"50":{"start":{"line":121,"column":8},"end":{"line":125,"column":9}},"51":{"start":{"line":126,"column":8},"end":{"line":135,"column":13}},"52":{"start":{"line":127,"column":24},"end":{"line":135,"column":12}},"53":{"start":{"line":136,"column":8},"end":{"line":136,"column":61}},"54":{"start":{"line":138,"column":8},"end":{"line":138,"column":40}},"55":{"start":{"line":140,"column":21},"end":{"line":140,"column":44}},"56":{"start":{"line":145,"column":21},"end":{"line":149,"column":6}},"57":{"start":{"line":151,"column":4},"end":{"line":160,"column":11}},"58":{"start":{"line":164,"column":0},"end":{"line":166,"column":1}},"59":{"start":{"line":165,"column":38},"end":{"line":165,"column":75}}},"fnMap":{"0":{"name":"(anonymous_0)","decl":{"start":{"line":4,"column":14},"end":{"line":4,"column":15}},"loc":{"start":{"line":4,"column":23},"end":{"line":7,"column":58}},"line":4},"1":{"name":"(anonymous_1)","decl":{"start":{"line":7,"column":10},"end":{"line":7,"column":11}},"loc":{"start":{"line":7,"column":24},"end":{"line":7,"column":53}},"line":7},"2":{"name":"(anonymous_2)","decl":{"start":{"line":8,"column":12},"end":{"line":8,"column":13}},"loc":{"start":{"line":8,"column":23},"end":{"line":8,"column":28}},"line":8},"3":{"name":"(anonymous_3)","decl":{"start":{"line":11,"column":2},"end":{"line":11,"column":3}},"loc":{"start":{"line":11,"column":44},"end":{"line":38,"column":3}},"line":11},"4":{"name":"(anonymous_4)","decl":{"start":{"line":36,"column":11},"end":{"line":36,"column":12}},"loc":{"start":{"line":36,"column":21},"end":{"line":36,"column":36}},"line":36},"5":{"name":"(anonymous_5)","decl":{"start":{"line":37,"column":15},"end":{"line":37,"column":16}},"loc":{"start":{"line":37,"column":28},"end":{"line":37,"column":49}},"line":37},"6":{"name":"(anonymous_6)","decl":{"start":{"line":40,"column":2},"end":{"line":40,"column":3}},"loc":{"start":{"line":40,"column":18},"end":{"line":43,"column":3}},"line":40},"7":{"name":"(anonymous_7)","decl":{"start":{"line":45,"column":2},"end":{"line":45,"column":3}},"loc":{"start":{"line":45,"column":32},"end":{"line":102,"column":3}},"line":45},"8":{"name":"(anonymous_8)","decl":{"start":{"line":83,"column":20},"end":{"line":83,"column":21}},"loc":{"start":{"line":83,"column":29},"end":{"line":83,"column":45}},"line":83},"9":{"name":"(anonymous_9)","decl":{"start":{"line":86,"column":9},"end":{"line":86,"column":10}},"loc":{"start":{"line":86,"column":28},"end":{"line":89,"column":9}},"line":86},"10":{"name":"(anonymous_10)","decl":{"start":{"line":104,"column":2},"end":{"line":104,"column":3}},"loc":{"start":{"line":104,"column":16},"end":{"line":107,"column":3}},"line":104},"11":{"name":"(anonymous_11)","decl":{"start":{"line":109,"column":2},"end":{"line":109,"column":3}},"loc":{"start":{"line":109,"column":18},"end":{"line":161,"column":3}},"line":109},"12":{"name":"(anonymous_12)","decl":{"start":{"line":111,"column":11},"end":{"line":111,"column":12}},"loc":{"start":{"line":111,"column":20},"end":{"line":111,"column":44}},"line":111},"13":{"name":"(anonymous_13)","decl":{"start":{"line":112,"column":24},"end":{"line":112,"column":25}},"loc":{"start":{"line":112,"column":34},"end":{"line":112,"column":63}},"line":112},"14":{"name":"(anonymous_14)","decl":{"start":{"line":118,"column":15},"end":{"line":118,"column":16}},"loc":{"start":{"line":118,"column":31},"end":{"line":139,"column":7}},"line":118},"15":{"name":"(anonymous_15)","decl":{"start":{"line":127,"column":15},"end":{"line":127,"column":16}},"loc":{"start":{"line":127,"column":24},"end":{"line":135,"column":12}},"line":127},"16":{"name":"(anonymous_16)","decl":{"start":{"line":140,"column":11},"end":{"line":140,"column":12}},"loc":{"start":{"line":140,"column":21},"end":{"line":140,"column":44}},"line":140},"17":{"name":"(anonymous_17)","decl":{"start":{"line":165,"column":15},"end":{"line":165,"column":16}},"loc":{"start":{"line":165,"column":38},"end":{"line":165,"column":75}},"line":165}},"branchMap":{"0":{"loc":{"start":{"line":11,"column":15},"end":{"line":11,"column":28}},"type":"default-arg","locations":[{"start":{"line":11,"column":26},"end":{"line":11,"column":28}}],"line":11},"1":{"loc":{"start":{"line":11,"column":30},"end":{"line":11,"column":42}},"type":"default-arg","locations":[{"start":{"line":11,"column":40},"end":{"line":11,"column":42}}],"line":11},"2":{"loc":{"start":{"line":49,"column":4},"end":{"line":96,"column":5}},"type":"switch","locations":[{"start":{"line":50,"column":6},"end":{"line":59,"column":13}},{"start":{"line":60,"column":6},"end":{"line":70,"column":13}},{"start":{"line":71,"column":6},"end":{"line":79,"column":13}},{"start":{"line":80,"column":6},"end":{"line":92,"column":13}},{"start":{"line":93,"column":6},"end":{"line":95,"column":13}}],"line":49},"3":{"loc":{"start":{"line":51,"column":34},"end":{"line":54,"column":9}},"type":"binary-expr","locations":[{"start":{"line":51,"column":34},"end":{"line":51,"column":57}},{"start":{"line":51,"column":61},"end":{"line":54,"column":9}}],"line":51},"4":{"loc":{"start":{"line":53,"column":17},"end":{"line":53,"column":80}},"type":"cond-expr","locations":[{"start":{"line":53,"column":44},"end":{"line":53,"column":75}},{"start":{"line":53,"column":78},"end":{"line":53,"column":80}}],"line":53},"5":{"loc":{"start":{"line":64,"column":17},"end":{"line":66,"column":44}},"type":"cond-expr","locations":[{"start":{"line":65,"column":14},"end":{"line":65,"column":45}},{"start":{"line":66,"column":14},"end":{"line":66,"column":44}}],"line":64},"6":{"loc":{"start":{"line":81,"column":8},"end":{"line":84,"column":9}},"type":"if","locations":[{"start":{"line":81,"column":8},"end":{"line":84,"column":9}},{"start":{"line":81,"column":8},"end":{"line":84,"column":9}}],"line":81},"7":{"loc":{"start":{"line":87,"column":26},"end":{"line":87,"column":44}},"type":"binary-expr","locations":[{"start":{"line":87,"column":26},"end":{"line":87,"column":38}},{"start":{"line":87,"column":42},"end":{"line":87,"column":44}}],"line":87},"8":{"loc":{"start":{"line":132,"column":20},"end":{"line":134,"column":47}},"type":"cond-expr","locations":[{"start":{"line":133,"column":16},"end":{"line":133,"column":36}},{"start":{"line":134,"column":16},"end":{"line":134,"column":47}}],"line":132},"9":{"loc":{"start":{"line":140,"column":21},"end":{"line":140,"column":44}},"type":"binary-expr","locations":[{"start":{"line":140,"column":21},"end":{"line":140,"column":36}},{"start":{"line":140,"column":40},"end":{"line":140,"column":44}}],"line":140}},"s":{"0":1,"1":1,"2":8,"3":37,"4":1,"5":0,"6":1,"7":1,"8":1,"9":1,"10":1,"11":1,"12":1,"13":1,"14":11,"15":11,"16":4,"17":11,"18":11,"19":11,"20":3,"21":3,"22":3,"23":3,"24":4,"25":4,"26":4,"27":4,"28":0,"29":0,"30":0,"31":0,"32":4,"33":0,"34":0,"35":4,"36":4,"37":4,"38":4,"39":0,"40":0,"41":3,"42":1,"43":4,"44":1,"45":8,"46":1,"47":1,"48":1,"49":4,"50":4,"51":4,"52":3,"53":4,"54":4,"55":7,"56":1,"57":1,"58":1,"59":1},"f":{"0":8,"1":37,"2":0,"3":1,"4":11,"5":11,"6":4,"7":11,"8":0,"9":4,"10":3,"11":1,"12":4,"13":8,"14":4,"15":3,"16":7,"17":1},"b":{"0":[0],"1":[1],"2":[3,4,0,4,0],"3":[3,2],"4":[1,1],"5":[2,2],"6":[0,4],"7":[4,1],"8":[3,0],"9":[7,3]},"_coverageSchema":"1a1c01bbd47fc00a2c39e90264f33305004495a9","hash":"06fa3b60f6cefda5876e3f5f02d7ad2da9023603"}
}
