TN:
SF:api/resources/graphs/graph.js
FN:4,(anonymous_0)
FN:7,(anonymous_1)
FN:8,(anonymous_2)
FN:11,(anonymous_3)
FN:36,(anonymous_4)
FN:37,(anonymous_5)
FN:40,(anonymous_6)
FN:45,(anonymous_7)
FN:83,(anonymous_8)
FN:86,(anonymous_9)
FN:104,(anonymous_10)
FN:109,(anonymous_11)
FN:111,(anonymous_12)
FN:112,(anonymous_13)
FN:118,(anonymous_14)
FN:127,(anonymous_15)
FN:140,(anonymous_16)
FN:165,(anonymous_17)
FNF:18
FNH:16
FNDA:8,(anonymous_0)
FNDA:37,(anonymous_1)
FNDA:0,(anonymous_2)
FNDA:1,(anonymous_3)
FNDA:11,(anonymous_4)
FNDA:11,(anonymous_5)
FNDA:4,(anonymous_6)
FNDA:11,(anonymous_7)
FNDA:0,(anonymous_8)
FNDA:4,(anonymous_9)
FNDA:3,(anonymous_10)
FNDA:1,(anonymous_11)
FNDA:4,(anonymous_12)
FNDA:8,(anonymous_13)
FNDA:4,(anonymous_14)
FNDA:3,(anonymous_15)
FNDA:7,(anonymous_16)
FNDA:1,(anonymous_17)
DA:3,1
DA:4,8
DA:7,37
DA:8,1
DA:12,1
DA:26,1
DA:27,1
DA:28,1
DA:29,1
DA:30,1
DA:31,1
DA:33,1
DA:36,11
DA:37,11
DA:42,4
DA:46,11
DA:47,11
DA:49,11
DA:51,3
DA:56,3
DA:58,3
DA:59,3
DA:61,4
DA:68,4
DA:69,4
DA:70,4
DA:72,0
DA:77,0
DA:78,0
DA:79,0
DA:81,4
DA:82,0
DA:83,0
DA:86,4
DA:87,4
DA:91,4
DA:92,4
DA:94,0
DA:95,0
DA:106,3
DA:110,1
DA:111,4
DA:112,8
DA:113,1
DA:115,1
DA:117,1
DA:119,4
DA:121,4
DA:126,4
DA:127,3
DA:136,4
DA:138,4
DA:140,7
DA:145,1
DA:151,1
DA:164,1
DA:165,1
LF:57
LH:49
BRDA:11,0,0,0
BRDA:11,1,0,1
BRDA:49,2,0,3
BRDA:49,2,1,4
BRDA:49,2,2,0
BRDA:49,2,3,4
BRDA:49,2,4,0
BRDA:51,3,0,3
BRDA:51,3,1,2
BRDA:53,4,0,1
BRDA:53,4,1,1
BRDA:64,5,0,2
BRDA:64,5,1,2
BRDA:81,6,0,0
BRDA:81,6,1,4
BRDA:87,7,0,4
BRDA:87,7,1,1
BRDA:132,8,0,3
BRDA:132,8,1,0
BRDA:140,9,0,7
BRDA:140,9,1,3
BRF:21
BRH:16
end_of_record
